
**** Build of configuration Debug for project Com_last_year ****

"C:\\ti\\ccs930\\ccs\\utils\\bin\\gmake" -k -j 4 all -O 
 
Building file: "../source/Com.c"
Invoking: ARM Compiler
"C:/ti/ccs930/ccs/tools/compiler/ti-cgt-arm_18.12.4.LTS/bin/armcl" -mv7M4 --code_state=16 --float_support=FPv4SPD16 -me --include_path="C:/Users/AShawqy/Documents/GitHub/ASUSAR-GP20-Services-Layer/Com_last_year" --include_path="C:/ti/ccs930/ccs/tools/compiler/ti-cgt-arm_18.12.4.LTS/include" --define=ccs="ccs" --define=PART_TM4C123GH6PM -g --gcc --diag_warning=225 --diag_wrap=off --display_error_number --abi=eabi --preproc_with_compile --preproc_dependency="source/Com.d_raw" --obj_directory="source"  "../source/Com.c"
"C:/Users/AShawqy/Documents/GitHub/ASUSAR-GP20-Services-Layer/Com_last_year/include/Can_GeneralTypes.h", line 15: warning #48-D: incompatible redefinition of macro "TRUE" (declared at line 38 of "C:/Users/AShawqy/Documents/GitHub/ASUSAR-GP20-Services-Layer/Com_last_year/include/Platform_Types.h")
"C:/Users/AShawqy/Documents/GitHub/ASUSAR-GP20-Services-Layer/Com_last_year/include/Can_GeneralTypes.h", line 16: warning #48-D: incompatible redefinition of macro "FALSE" (declared at line 35 of "C:/Users/AShawqy/Documents/GitHub/ASUSAR-GP20-Services-Layer/Com_last_year/include/Platform_Types.h")
"C:/Users/AShawqy/Documents/GitHub/ASUSAR-GP20-Services-Layer/Com_last_year/include/Can_GeneralTypes.h", line 29: warning #48-D: incompatible redefinition of macro "CAN_E_PARAM_POINTER" (declared at line 20)
"C:/Users/AShawqy/Documents/GitHub/ASUSAR-GP20-Services-Layer/Com_last_year/include/Can_GeneralTypes.h", line 111: warning #303-D: typedef name has already been declared (with same type)
"C:\Users\AShawqy\Documents\GitHub\ASUSAR-GP20-Services-Layer\Com_last_year\include\CanTp_Types.h", line 20: warning #303-D: typedef name has already been declared (with same type)
"../source/Com.c", line 27: warning #69-D: integer conversion resulted in a change of sign
"../source/Com.c", line 61: warning #225-D: function "memset" declared implicitly
"../source/Com.c", line 177: warning #179-D: variable "mixedSent" was declared but never referenced
"../source/Com.c", line 295: warning #552-D: variable "x" was set but never used
"../source/Com.c", line 336: warning #145-D: a value of type "const ComIPdu_type *" cannot be used to initialize an entity of type "ComIPdu_type *"
"../source/Com.c", line 358: warning #145-D: a value of type "const ComIPdu_type *" cannot be used to initialize an entity of type "ComIPdu_type *"
"../source/Com.c", line 390: warning #552-D: variable "x" was set but never used
"../source/Com.c", line 494: warning #145-D: a value of type "const ComIPdu_type *" cannot be used to initialize an entity of type "ComIPdu_type *"
"../source/Com.c", line 503: warning #515-D: a value of type "const ComSignal_type *" cannot be assigned to an entity of type "ComSignal_type *"
Finished building: "../source/Com.c"
 
Building target: "Com_last_year.out"
Invoking: ARM Linker
"C:/ti/ccs930/ccs/tools/compiler/ti-cgt-arm_18.12.4.LTS/bin/armcl" -mv7M4 --code_state=16 --float_support=FPv4SPD16 -me --define=ccs="ccs" --define=PART_TM4C123GH6PM -g --gcc --diag_warning=225 --diag_wrap=off --display_error_number --abi=eabi -z -m"Com_last_year.map" --heap_size=0 --stack_size=512 -i"C:/ti/ccs930/ccs/tools/compiler/ti-cgt-arm_18.12.4.LTS/lib" -i"C:/ti/ccs930/ccs/tools/compiler/ti-cgt-arm_18.12.4.LTS/include" --reread_libs --diag_wrap=off --display_error_number --warn_sections --xml_link_info="Com_last_year_linkInfo.xml" --rom_model -o "Com_last_year.out" "./Delay.obj" "./Dio.obj" "./LCDInit.obj" "./PORTF.obj" "./RX_main.obj" "./Timer0A.obj" "./main.obj" "./tm4c123gh6pm_startup_ccs.obj" "./OS/InitConsole.obj" "./OS/Lcfg.obj" "./OS/alarm.obj" "./OS/event.obj" "./OS/interrupt.obj" "./OS/resource.obj" "./OS/task.obj" "./Rte/Rte.obj" "./Rte/Rte_SeatHeater.obj" "./Rte/Rte_SeatSensorLeft.obj" "./Rte/Rte_SeatSensorRight.obj" "./driverlib/adc.obj" "./driverlib/aes.obj" "./driverlib/can.obj" "./driverlib/comp.obj" "./driverlib/cpu.obj" "./driverlib/crc.obj" "./driverlib/des.obj" "./driverlib/eeprom.obj" "./driverlib/emac.obj" "./driverlib/epi.obj" "./driverlib/flash.obj" "./driverlib/fpu.obj" "./driverlib/gpio.obj" "./driverlib/hibernate.obj" "./driverlib/i2c.obj" "./driverlib/interrupt.obj" "./driverlib/lcd.obj" "./driverlib/mpu.obj" "./driverlib/onewire.obj" "./driverlib/pwm.obj" "./driverlib/qei.obj" "./driverlib/shamd5.obj" "./driverlib/ssi.obj" "./driverlib/sw_crc.obj" "./driverlib/sysctl.obj" "./driverlib/sysexc.obj" "./driverlib/systick.obj" "./driverlib/timer.obj" "./driverlib/uart.obj" "./driverlib/udma.obj" "./driverlib/usb.obj" "./driverlib/watchdog.obj" "./freertos/list.obj" "./portable/port.obj" "./portable/portasm.obj" "./source/Can.obj" "./source/CanIf.obj" "./source/CanIf_Cfg.obj" "./source/CanIf_Sec_cfg.obj" "./source/CanTpRuntime.obj" "./source/CanTp_Cfg.obj" "./source/Com.obj" "./source/Com_Asu_Cfg.obj" "./source/Com_Buffer.obj" "./source/Com_Cfg.obj" "./source/Com_helper.obj" "./source/Helper_Functions.obj" "./source/PDURmy.obj" "./source/PduR.obj" "./source/PduR_helper.obj" "./source/cantp.obj" "./utils/uartstdio.obj" "../tm4c123gh6pm.cmd"  -llibc.a 
<Linking>
Finished building target: "Com_last_year.out"
 

**** Build Finished ****
